{"level":"info","message":"GET / ::1","timestamp":"2024-06-14T14:24:59.086Z"}
{"level":"info","message":"GET /health ::1","timestamp":"2024-06-14T14:25:14.285Z"}
{"level":"info","message":"GET /health ::1","timestamp":"2024-06-14T14:25:36.817Z"}
{"level":"info","message":"POST /register ::1","timestamp":"2024-06-14T14:26:04.113Z"}
{"level":"info","message":"POST /register ::1","timestamp":"2024-06-14T14:27:35.307Z"}
{"level":"info","message":"POST /auth/register ::1","timestamp":"2024-06-14T14:27:54.661Z"}
{"level":"info","message":"POST /health ::1","timestamp":"2024-06-14T14:28:05.610Z"}
{"level":"info","message":"POST /health ::1","timestamp":"2024-06-15T08:37:48.621Z"}
{"level":"info","message":"POST /health ::1","timestamp":"2024-06-15T08:39:03.299Z"}
{"level":"info","message":"GET /health ::1","timestamp":"2024-06-15T08:39:21.721Z"}
{"level":"info","message":"GET /health ::1","timestamp":"2024-06-15T08:39:32.191Z"}
{"level":"info","message":"GET /health ::1","timestamp":"2024-06-15T08:39:36.967Z"}
{"level":"info","message":"GET /api/auth ::1","timestamp":"2024-06-15T08:41:53.758Z"}
{"level":"info","message":"GET /health ::1","timestamp":"2024-06-15T08:42:20.902Z"}
{"level":"info","message":"GET /api/auth ::1","timestamp":"2024-06-15T08:42:29.189Z"}
{"level":"info","message":"POST /api/auth/register ::1","timestamp":"2024-06-15T08:44:18.739Z"}
{"level":"info","message":"POST /api/auth/register ::1","timestamp":"2024-06-15T08:44:26.412Z"}
{"level":"info","message":"POST /api/auth/register ::1","timestamp":"2024-06-15T08:46:17.376Z"}
{"level":"info","message":"GET /api/check ::1","timestamp":"2024-06-15T08:51:45.895Z"}
{"level":"info","message":"GET /api/check ::1","timestamp":"2024-06-17T14:24:51.252Z"}
{"level":"info","message":"GET / ::1","timestamp":"2024-06-17T14:27:43.428Z"}
{"level":"info","message":"GET / ::1","timestamp":"2024-06-17T14:27:46.159Z"}
{"level":"info","message":"GET / ::1","timestamp":"2024-06-17T14:28:36.598Z"}
{"level":"info","message":"GET / ::1","timestamp":"2024-06-17T14:30:32.895Z"}
{"level":"info","message":"GET /health ::1","timestamp":"2024-06-17T14:31:50.608Z"}
{"level":"info","message":"GET /health ::ffff:127.0.0.1","timestamp":"2024-06-17T14:34:10.295Z"}
{"level":"info","message":"GET /api/check ::1","timestamp":"2024-06-17T14:36:06.535Z"}
{"level":"info","message":"GET /api ::1","timestamp":"2024-06-17T18:23:58.095Z"}
{"level":"info","message":"GET /api ::1","timestamp":"2024-06-17T18:24:42.497Z"}
{"level":"info","message":"GET /api/check ::1","timestamp":"2024-06-17T18:24:53.731Z"}
{"level":"info","message":"GET /health ::ffff:127.0.0.1","timestamp":"2024-06-17T18:27:53.364Z"}
{"level":"info","message":"GET /api/check ::ffff:127.0.0.1","timestamp":"2024-06-17T18:27:59.965Z"}
{"level":"info","message":"POST /api/auth/register undefined","timestamp":"2024-06-17T18:28:40.184Z"}
{"level":"info","message":"POST /api/auth/register undefined","timestamp":"2024-06-17T18:31:30.664Z"}
{"level":"info","message":"POST /api/auth/register undefined","timestamp":"2024-06-17T18:32:20.216Z"}
{"level":"info","message":"POST /api/auth/register undefined","timestamp":"2024-06-17T18:33:08.714Z"}
{"level":"info","message":"POST /api/auth/register undefined","timestamp":"2024-06-17T18:44:37.141Z"}
{"level":"info","message":"POST /api/auth/register undefined","timestamp":"2024-06-17T18:46:49.732Z"}
{"level":"info","message":"POST /api/auth/register undefined","timestamp":"2024-06-17T19:01:50.367Z"}
{"level":"info","message":"GET /api/auth ::ffff:127.0.0.1","timestamp":"2024-06-18T12:37:26.531Z"}
{"level":"info","message":"GET /api/auth ::1","timestamp":"2024-06-18T12:37:50.257Z"}
{"level":"info","message":"POST /api/auth/register undefined","timestamp":"2024-06-18T12:39:15.555Z"}
{"level":"info","message":"POST /api/auth/register undefined","timestamp":"2024-06-18T12:46:42.417Z"}
{"level":"info","message":"GET / ::ffff:127.0.0.1","timestamp":"2024-06-18T21:49:58.661Z"}
{"level":"info","message":"DELETE /api/auth/register/clxkef1e800009xohxjne9e2s undefined","timestamp":"2024-06-18T22:12:48.753Z"}
{"level":"info","message":"DELETE /api/user/clxkef1e800009xohxjne9e2s undefined","timestamp":"2024-06-18T22:14:01.551Z"}
{"level":"info","message":"GET /api/user ::1","timestamp":"2024-06-18T22:14:52.876Z"}
{"level":"info","message":"GET /api/user/clx9axek80000hblffpzd0a37 ::1","timestamp":"2024-06-18T22:16:29.715Z"}
{"level":"info","message":"GET /api/user ::1","timestamp":"2024-06-18T22:22:12.710Z"}
{"level":"info","message":"GET /api/user ::1","timestamp":"2024-06-18T22:22:32.992Z"}
{"level":"info","message":"POST /api/auth/register undefined","timestamp":"2024-06-18T22:22:46.495Z"}
{"level":"info","message":"POST /api/auth/register undefined","timestamp":"2024-06-18T22:22:54.396Z"}
{"level":"info","message":"POST /api/auth/login undefined","timestamp":"2024-06-18T22:26:19.313Z"}
{"level":"info","message":"POST /api/auth/login undefined","timestamp":"2024-06-19T13:47:58.301Z"}
{"level":"info","message":"POST /api/auth/login undefined","timestamp":"2024-06-19T13:49:12.211Z"}
{"level":"info","message":"POST /api/auth/login undefined","timestamp":"2024-06-19T13:51:18.120Z"}
{"level":"info","message":"POST /api/auth/login undefined","timestamp":"2024-06-19T13:52:33.482Z"}
{"level":"info","message":"POST /api/auth/login undefined","timestamp":"2024-06-19T13:54:41.320Z"}
{"level":"info","message":"GET /api/user ::1","timestamp":"2024-06-19T13:55:13.896Z"}
{"level":"info","message":"POST /api/auth/login undefined","timestamp":"2024-06-19T13:56:05.426Z"}
{"level":"info","message":"POST /api/auth/register undefined","timestamp":"2024-06-19T13:56:13.084Z"}
{"level":"info","message":"POST /api/user undefined","timestamp":"2024-06-19T13:58:03.135Z"}
{"level":"info","message":"GET /api/user ::1","timestamp":"2024-06-19T13:58:59.132Z"}
{"level":"info","message":"DELETE /api/user/clx9axek80000hblffpzd0a37 ::1","timestamp":"2024-06-19T13:59:18.081Z"}
{"level":"info","message":"GET /api/user ::1","timestamp":"2024-06-19T13:59:26.105Z"}
{"level":"info","message":"DELETE /api/user/clxkyzuww0000l0yxecfp4jzt ::1","timestamp":"2024-06-19T13:59:38.380Z"}
{"level":"info","message":"DELETE /api/user/1 ::1","timestamp":"2024-06-19T13:59:42.951Z"}
{"level":"info","message":"POST /api/auth/register undefined","timestamp":"2024-06-19T14:03:41.021Z"}
{"level":"info","message":"POST /api/auth/register undefined","timestamp":"2024-06-19T14:07:06.441Z"}
{"level":"info","message":"GET /api/user ::1","timestamp":"2024-06-19T14:07:18.902Z"}
{"level":"info","message":"POST /api/auth/register undefined","timestamp":"2024-06-19T14:08:06.549Z"}
{"level":"info","message":"POST /api/auth/login undefined","timestamp":"2024-06-19T14:08:24.723Z"}
{"level":"info","message":"POST /api/user undefined","timestamp":"2024-06-19T14:08:34.850Z"}
{"level":"info","message":"GET /api/user ::1","timestamp":"2024-06-19T14:09:24.962Z"}
{"level":"info","message":"GET /api/user/clxlwlvo4000097pfaog2rehs ::1","timestamp":"2024-06-19T14:09:33.928Z"}
{"level":"info","message":"DELETE /api/user/clxlwlvo4000097pfaog2rehs ::1","timestamp":"2024-06-19T14:09:47.531Z"}
{"level":"info","message":"GET /api/user ::1","timestamp":"2024-06-19T14:11:27.849Z"}
{"level":"info","message":"DELETE /api/user/clxlwrkfa0000hjgvlbi60qxy ::1","timestamp":"2024-06-19T14:11:38.167Z"}
{"level":"info","message":"GET /api/user ::1","timestamp":"2024-06-19T14:11:44.659Z"}
{"level":"info","message":"POST /api/auth/register undefined","timestamp":"2024-06-19T14:12:01.298Z"}
{"level":"info","message":"POST /api/auth/register undefined","timestamp":"2024-06-19T14:15:07.429Z"}
{"level":"info","message":"POST /api/auth/register undefined","timestamp":"2024-06-20T03:46:07.229Z"}
{"level":"info","message":"POST /api/auth/login undefined","timestamp":"2024-06-20T03:46:22.421Z"}
{"level":"info","message":"POST /api/auth/refreshToken undefined","timestamp":"2024-06-20T03:48:54.521Z"}
{"level":"info","message":"POST /api/auth/refreshToken undefined","timestamp":"2024-06-20T03:49:12.010Z"}
{"level":"info","message":"POST /api/auth/logout undefined","timestamp":"2024-06-20T03:49:44.846Z"}
{"level":"info","message":"POST /api/auth/register undefined","timestamp":"2024-06-20T03:53:02.460Z"}
{"level":"info","message":"GET /api/user ::1","timestamp":"2024-06-20T04:37:44.735Z"}
{"level":"info","message":"GET /api/user/clxlwwlis0000n2564849qvol ::1","timestamp":"2024-06-20T04:37:53.997Z"}
{"level":"info","message":"DELETE /api/user/clxlwwlis0000n2564849qvol ::1","timestamp":"2024-06-20T04:38:00.841Z"}
{"level":"info","message":"GET /api/course ::1","timestamp":"2024-06-20T10:39:45.712Z"}
{"level":"info","message":"GET /api/course ::1","timestamp":"2024-06-24T21:14:07.146Z"}
{"level":"info","message":"POST /api/course undefined","timestamp":"2024-06-24T21:14:27.896Z"}
{"level":"info","message":"POST /api/course undefined","timestamp":"2024-06-24T21:15:54.122Z"}
